<?xml version="1.0" encoding="UTF-8"?>
<!-- Generated by org.testng.reporters.JUnitReportReporter -->
<testsuite hostname="LAPTOP-GJ562UJB" failures="0" tests="2" name="com.mAadhar.MAadharApplicationTests" time="11.681" errors="0" timestamp="2023-08-03T13:15:56 IST" skipped="0">
  <testcase classname="com.mAadhar.MAadharApplicationTests" name="LoginUserTest" time="9.098"/>
  <testcase classname="com.mAadhar.MAadharApplicationTests" name="OpenClientTest" time="2.583"/>
</testsuite> <!-- com.mAadhar.MAadharApplicationTests -->
